{
  "stats": {
    "suites": 1,
    "tests": 1,
    "passes": 0,
    "pending": 0,
    "failures": 1,
    "start": "2021-09-06T07:06:03.017Z",
    "end": "2021-09-06T07:06:03.420Z",
    "duration": 403,
    "testsRegistered": 1,
    "passPercent": 0,
    "pendingPercent": 0,
    "other": 0,
    "hasOther": false,
    "skipped": 0,
    "hasSkipped": false
  },
  "results": [
    {
      "uuid": "aa0cef09-adce-40ba-a977-119958b2f18e",
      "title": "",
      "fullFile": "cypress/integration/productDetailsTest/ProductDetailTest.js",
      "file": "cypress/integration/productDetailsTest/ProductDetailTest.js",
      "beforeHooks": [],
      "afterHooks": [],
      "tests": [],
      "suites": [
        {
          "uuid": "a8baebfa-e80c-49f1-a0fb-38558ad194ec",
          "title": "Verify Product Details Page",
          "fullFile": "",
          "file": "",
          "beforeHooks": [],
          "afterHooks": [],
          "tests": [
            {
              "title": "Verify kickback Pack product Details",
              "fullTitle": "Verify Product Details Page Verify kickback Pack product Details",
              "timedOut": null,
              "duration": 300,
              "state": "failed",
              "speed": null,
              "pass": false,
              "fail": true,
              "pending": false,
              "context": "\"assets/productDetailsTest/ProductDetailTest.js/Verify Product Details Page -- Verify kickback Pack product Details (failed).png\"",
              "code": "console.log('vithal');\ncy.log('vithal');\ncy.task('getFiles', 'cypress/fixtures/productDetails').then(files => {\n  cy.log(files);\n});\nthrow new Error('Error Failed');\ncy.log('vithal'); // const kickbackPackDetails = require('../../fixtures/productDetails/kickbackPack.json')\n// //visit kickbackPack product detail page\n// cy.visit(kickbackPackDetails.url)\n// //verify kickback Pack Details\n// productDetailPageVerification.verifyProductDetails(kickbackPackDetails)\n// //Add to cart multi quantity\n// productDetailPageTask.clickOnAddToCart()\n// //verify the success message for Add to cart fuctionality(Not able to view the message during test run)\n// productDetailPageVerification.verifyAddtoCartSuccessMessage(\"Product successfully added to cart\")\n// //verify view cart count \n// productDetailPageVerification.verifyCartCount(\"1\")\n// //click on view cart link\n// productDetailPageTask.clickOnViewCartLink()\n// //verify details on shoppingCart\n// shoppingCartPageVerification.verifyProductDetails(kickbackPackDetails.addToCartDetails)\n// //delete item from cart\n// shoppingCartPageTask.deleteProductFromCart()\n// //verify Empty shopping cart\n// shoppingCartPageVerification.verifyEmptyShoppingCart()",
              "err": {
                "message": "Error: Error Failed",
                "estack": "Error: Error Failed\n    at Context.eval (https://demo.grassdoor.com/__cypress/tests?p=cypress\\integration\\productDetailsTest\\ProductDetailTest.js:141:11)",
                "diff": null
              },
              "uuid": "ebc32346-c3e3-4c9c-b9bc-da8e7ad9be9b",
              "parentUUID": "a8baebfa-e80c-49f1-a0fb-38558ad194ec",
              "isHook": false,
              "skipped": false
            }
          ],
          "suites": [],
          "passes": [],
          "failures": [
            "ebc32346-c3e3-4c9c-b9bc-da8e7ad9be9b"
          ],
          "pending": [],
          "skipped": [],
          "duration": 300,
          "root": false,
          "rootEmpty": false,
          "_timeout": 2000
        }
      ],
      "passes": [],
      "failures": [],
      "pending": [],
      "skipped": [],
      "duration": 0,
      "root": true,
      "rootEmpty": true,
      "_timeout": 2000
    }
  ],
  "meta": {
    "mocha": {
      "version": "7.0.1"
    },
    "mochawesome": {
      "options": {
        "quiet": false,
        "reportFilename": "mochawesome",
        "saveHtml": false,
        "saveJson": true,
        "consoleReporter": "spec",
        "useInlineDiffs": false,
        "code": true
      },
      "version": "6.2.2"
    },
    "marge": {
      "options": {
        "id": "default",
        "reportDir": "cypress/reports/mocha",
        "quite": true,
        "overwrite": false,
        "html": false,
        "json": true
      },
      "version": "5.2.0"
    }
  }
}