{
  "stats": {
    "suites": 1,
    "tests": 1,
    "passes": 1,
    "pending": 0,
    "failures": 0,
    "start": "2021-09-06T06:58:45.096Z",
    "end": "2021-09-06T06:58:45.165Z",
    "duration": 69,
    "testsRegistered": 1,
    "passPercent": 100,
    "pendingPercent": 0,
    "other": 0,
    "hasOther": false,
    "skipped": 0,
    "hasSkipped": false
  },
  "results": [
    {
      "uuid": "eeacfc11-db7c-43ce-bce2-1c90f8dec590",
      "title": "",
      "fullFile": "cypress/integration/productDetailsTest/ProductDetailTest.js",
      "file": "cypress/integration/productDetailsTest/ProductDetailTest.js",
      "beforeHooks": [],
      "afterHooks": [],
      "tests": [],
      "suites": [
        {
          "uuid": "163c2025-af66-45c2-b532-f4c64382522b",
          "title": "Verify Product Details Page",
          "fullFile": "",
          "file": "",
          "beforeHooks": [],
          "afterHooks": [],
          "tests": [
            {
              "title": "Verify kickback Pack product Details",
              "fullTitle": "Verify Product Details Page Verify kickback Pack product Details",
              "timedOut": null,
              "duration": 57,
              "state": "passed",
              "speed": "medium",
              "pass": true,
              "fail": false,
              "pending": false,
              "context": null,
              "code": "console.log('vithal');\ncy.log('vithal');\ncy.task('getFiles', 'cypress/fixtures/productDetails').then(files => {\n  cy.log(files);\n});\ncy.log('vithal'); // const kickbackPackDetails = require('../../fixtures/productDetails/kickbackPack.json')\n// //visit kickbackPack product detail page\n// cy.visit(kickbackPackDetails.url)\n// //verify kickback Pack Details\n// productDetailPageVerification.verifyProductDetails(kickbackPackDetails)\n// //Add to cart multi quantity\n// productDetailPageTask.clickOnAddToCart()\n// //verify the success message for Add to cart fuctionality(Not able to view the message during test run)\n// productDetailPageVerification.verifyAddtoCartSuccessMessage(\"Product successfully added to cart\")\n// //verify view cart count \n// productDetailPageVerification.verifyCartCount(\"1\")\n// //click on view cart link\n// productDetailPageTask.clickOnViewCartLink()\n// //verify details on shoppingCart\n// shoppingCartPageVerification.verifyProductDetails(kickbackPackDetails.addToCartDetails)\n// //delete item from cart\n// shoppingCartPageTask.deleteProductFromCart()\n// //verify Empty shopping cart\n// shoppingCartPageVerification.verifyEmptyShoppingCart()",
              "err": {},
              "uuid": "86a58941-77dd-4ae1-87f2-ba7c1c21963d",
              "parentUUID": "163c2025-af66-45c2-b532-f4c64382522b",
              "isHook": false,
              "skipped": false
            }
          ],
          "suites": [],
          "passes": [
            "86a58941-77dd-4ae1-87f2-ba7c1c21963d"
          ],
          "failures": [],
          "pending": [],
          "skipped": [],
          "duration": 57,
          "root": false,
          "rootEmpty": false,
          "_timeout": 2000
        }
      ],
      "passes": [],
      "failures": [],
      "pending": [],
      "skipped": [],
      "duration": 0,
      "root": true,
      "rootEmpty": true,
      "_timeout": 2000
    }
  ],
  "meta": {
    "mocha": {
      "version": "7.0.1"
    },
    "mochawesome": {
      "options": {
        "quiet": false,
        "reportFilename": "mochawesome",
        "saveHtml": false,
        "saveJson": true,
        "consoleReporter": "spec",
        "useInlineDiffs": false,
        "code": true
      },
      "version": "6.2.2"
    },
    "marge": {
      "options": {
        "id": "default",
        "reportDir": "cypress/reports/mocha",
        "quite": true,
        "overwrite": false,
        "html": false,
        "json": true
      },
      "version": "5.2.0"
    }
  }
}